<?xml version="1.0" encoding="UTF-8"?>
<!-- Generated by org.testng.reporters.JUnitReportReporter -->
<testsuite hostname="DESKTOP-E9ARFLP" failures="0" tests="6" name="com.selenium.project.testng.TestngPractise" time="0.038" errors="0" timestamp="2022-08-29T23:06:10 IST" skipped="0">
  <testcase classname="com.selenium.project.testng.TestngPractise" name="startEngine" time="0.024"/>
  <system-out/>
  <testcase classname="com.selenium.project.testng.TestngPractise" name="goToCollege" time="0.002"/>
  <system-out/>
  <testcase classname="com.selenium.project.testng.TestngPractise" name="goToHigherSchool" time="0.002"/>
  <system-out/>
  <testcase classname="com.selenium.project.testng.TestngPractise" name="putFirstGear" time="0.006"/>
  <system-out/>
  <testcase classname="com.selenium.project.testng.TestngPractise" name="putSecondGear" time="0.002"/>
  <system-out/>
  <testcase classname="com.selenium.project.testng.TestngPractise" name="goToSecondarySchool" time="0.002"/>
  <system-out/>
</testsuite> <!-- com.selenium.project.testng.TestngPractise -->
